<testsuites id="" name="" tests="8" failures="0" skipped="0" errors="0" time="113.715686">
<testsuite name="popup-mockup.spec.js" timestamp="2025-09-05T14:08:20.903Z" hostname="chromium-extension" tests="4" failures="0" skipped="0" time="14.121" errors="0">
<testcase name="Popup Mockup Testing › popup mockup loads and displays correctly" classname="popup-mockup.spec.js" time="4.931">
</testcase>
<testcase name="Popup Mockup Testing › popup mockup secondary actions work" classname="popup-mockup.spec.js" time="2.754">
</testcase>
<testcase name="Popup Mockup Testing › popup mockup responsive design and visual hierarchy" classname="popup-mockup.spec.js" time="3.394">
</testcase>
<testcase name="Popup Mockup Testing › popup mockup critical path first design validation" classname="popup-mockup.spec.js" time="3.042">
<system-out>
<![CDATA[✅ Critical Path First design validation passed
]]>
</system-out>
</testcase>
</testsuite>
<testsuite name="popup-mockup.spec.js" timestamp="2025-09-05T14:08:20.903Z" hostname="chromium-extension-headless" tests="4" failures="0" skipped="0" time="14.471" errors="0">
<testcase name="Popup Mockup Testing › popup mockup loads and displays correctly" classname="popup-mockup.spec.js" time="6.678">
</testcase>
<testcase name="Popup Mockup Testing › popup mockup secondary actions work" classname="popup-mockup.spec.js" time="2.722">
</testcase>
<testcase name="Popup Mockup Testing › popup mockup responsive design and visual hierarchy" classname="popup-mockup.spec.js" time="2.584">
</testcase>
<testcase name="Popup Mockup Testing › popup mockup critical path first design validation" classname="popup-mockup.spec.js" time="2.487">
<system-out>
<![CDATA[✅ Critical Path First design validation passed
]]>
</system-out>
</testcase>
</testsuite>
</testsuites>